Command line:
   oneInputNotStimulus_isim_beh.exe
     -simmode  gui
     -simrunnum  0
     -socket  41467

Thu Dec 16 23:31:31 2021


 Elaboration Time: 0.01 sec

 Current Memory Usage: 184.234 Meg

 Total Signals          : 16
 Total Nets             : 15
 Total Signal Drivers   : 7
 Total Blocks           : 5
 Total Primitive Blocks : 4
 Total Processes        : 11
 Total Traceable Variables  : 22
 Total Scalar Nets and Variables : 130
Total Line Count : 49

 Total Simulation Time: 0.01 sec

 Current Memory Usage: 259.736 Meg

Thu Dec 16 23:37:23 2021

