Command line:
   twoInputOrStimulus_isim_beh.exe
     -simmode  gui
     -simrunnum  1
     -socket  40727

Sun Dec 19 19:40:27 2021


 Elaboration Time: 0.01 sec

 Current Memory Usage: 184.246 Meg

 Total Signals          : 17
 Total Nets             : 16
 Total Signal Drivers   : 9
 Total Blocks           : 5
 Total Primitive Blocks : 4
 Total Processes        : 13
 Total Traceable Variables  : 24
 Total Scalar Nets and Variables : 133
Total Line Count : 76

 Total Simulation Time: 0.02 sec

 Current Memory Usage: 259.748 Meg

Sun Dec 19 19:40:32 2021

