Command line:
   twoInputAndStimulus_isim_beh.exe
     -simmode  gui
     -simrunnum  0
     -socket  48165

Thu Dec 16 23:02:50 2021


 Elaboration Time: 0.01 sec

 Current Memory Usage: 184.242 Meg

 Total Signals          : 17
 Total Nets             : 16
 Total Signal Drivers   : 8
 Total Blocks           : 5
 Total Primitive Blocks : 4
 Total Processes        : 12
 Total Traceable Variables  : 24
 Total Scalar Nets and Variables : 133
Total Line Count : 75

 Total Simulation Time: 0.02 sec

 Current Memory Usage: 259.744 Meg

Thu Dec 16 23:03:27 2021

